[debug] [2025-12-14T17:19:00.622Z] ----------------------------------------------------------------------
[debug] [2025-12-14T17:19:00.627Z] Command:       C:\Program Files\nodejs\node.exe C:\Users\zeeal\AppData\Roaming\npm\node_modules\firebase-tools\lib\bin\firebase.js init
[debug] [2025-12-14T17:19:00.627Z] CLI Version:   15.0.0
[debug] [2025-12-14T17:19:00.627Z] Platform:      win32
[debug] [2025-12-14T17:19:00.627Z] Node Version:  v24.11.0
[debug] [2025-12-14T17:19:00.628Z] Time:          Sun Dec 14 2025 22:19:00 GMT+0500 (Pakistan Standard Time)
[debug] [2025-12-14T17:19:00.628Z] ----------------------------------------------------------------------
[debug] 
[info] 
     ######## #### ########  ######## ########     ###     ######  ########
     ##        ##  ##     ## ##       ##     ##  ##   ##  ##       ##
     ######    ##  ########  ######   ########  #########  ######  ######
     ##        ##  ##    ##  ##       ##     ## ##     ##       ## ##
     ##       #### ##     ## ######## ########  ##     ##  ######  ########

You're about to initialize a Firebase project in this directory:

  C:\Users\zeeal\ZeeSaaS\landing-pages

[info] 
=== Project Setup
[info] 
[info] First, let's associate this project directory with a Firebase project.
[info] You can create multiple project aliases by running firebase use --add, 
[info] 
[debug] [2025-12-14T17:19:46.976Z] > command requires scopes: ["email","openid","https://www.googleapis.com/auth/cloudplatformprojects.readonly","https://www.googleapis.com/auth/firebase","https://www.googleapis.com/auth/cloud-platform"]
[debug] [2025-12-14T17:19:46.977Z] > authorizing via signed-in user (zeealimalik@gmail.com)
[debug] [2025-12-14T17:19:46.980Z] Checked if tokens are valid: true, expires at: 1765736325756
[debug] [2025-12-14T17:19:46.980Z] Checked if tokens are valid: true, expires at: 1765736325756
[debug] [2025-12-14T17:19:46.982Z] >>> [apiv2][query] GET https://firebase.googleapis.com/v1beta1/projects pageSize=100
[debug] [2025-12-14T17:19:48.210Z] <<< [apiv2][status] GET https://firebase.googleapis.com/v1beta1/projects 200
[debug] [2025-12-14T17:19:48.210Z] <<< [apiv2][body] GET https://firebase.googleapis.com/v1beta1/projects [omitted]
[info] 
=== Hosting Setup
[debug] [2025-12-14T17:20:21.192Z] Checked if tokens are valid: true, expires at: 1765736325756
[debug] [2025-12-14T17:20:21.192Z] Checked if tokens are valid: true, expires at: 1765736325756
[debug] [2025-12-14T17:20:21.192Z] >>> [apiv2][query] GET https://firebase.googleapis.com/v1beta1/projects/cameragames-831be [none]
[debug] [2025-12-14T17:20:21.771Z] <<< [apiv2][status] GET https://firebase.googleapis.com/v1beta1/projects/cameragames-831be 200
[debug] [2025-12-14T17:20:21.772Z] <<< [apiv2][body] GET https://firebase.googleapis.com/v1beta1/projects/cameragames-831be {"projectId":"cameragames-831be","projectNumber":"1078913438254","displayName":"CameraGames","name":"projects/cameragames-831be","resources":{"hostingSite":"cameragames-831be"},"state":"ACTIVE","etag":"1_220b0874-5f4a-4e62-ad9a-be8aa9560028"}
[info] 
[info] Your public directory is the folder (relative to your project directory) that
[info] will contain Hosting assets to be uploaded with firebase deploy. If you
[info] have a build process for your assets, use your build's output directory.
[info] 
[info] 
[info] i  Didn't detect a .git folder. Assuming C:\Users\zeeal\ZeeSaaS\landing-pages is the project root. 
[info] i  Authorizing with GitHub to upload your service account to a GitHub repository's secrets store. 
[info] 
[info] Visit this URL on this device to log in:
[info] https://github.com/login/oauth/authorize?client_id=89cf50f02ac6aaed3484&state=361874892&redirect_uri=http%3A%2F%2Flocalhost%3A9005&scope=read%3Auser%20repo%20public_repo
[info] 
[info] Waiting for authentication...
